<?xml version="1.0" encoding="UTF-8"?>
<testsuite xmlns:xsi="http://www.w3.org/2001/XMLSchema-instance" xsi:noNamespaceSchemaLocation="https://maven.apache.org/surefire/maven-failsafe-plugin/xsd/failsafe-test-report-3.0.xsd" version="3.0" name="lights.dev.BasicIT" time="6.811" tests="2" errors="0" skipped="0" failures="0">
  <properties>
[...]
</properties>
  <testcase name="googleCheeseExample" classname="lights.dev.BasicIT" time="5.186"/>
  <testcase name="googleMilkExample" classname="lights.dev.BasicIT" time="0.468"/>
</testsuite>