<?xml version="1.0" encoding="UTF-8"?>
<testng-results ignored="0" total="2" passed="2" failed="0" skipped="0">
  <reporter-output>
  </reporter-output>
  <suite started-at="2020-01-14T15:46:25 ART" name="Surefire suite" finished-at="2020-01-14T15:46:31 ART" duration-ms="5749">
    <groups>
    </groups>
    <test started-at="2020-01-14T15:46:25 ART" name="Surefire test" finished-at="2020-01-14T15:46:31 ART" duration-ms="5749">
      <class name="lights.dev.BasicIT">
        <test-method is-config="true" signature="instantiateDriverObject()[pri:0, instance:lights.dev.BasicIT@2698dc7]" started-at="2020-01-14T15:46:25 ART" name="instantiateDriverObject" finished-at="2020-01-14T15:46:25 ART" duration-ms="8" status="PASS">
          <reporter-output>
          </reporter-output>
        </test-method> <!-- instantiateDriverObject -->
        <test-method signature="googleCheeseExample()[pri:0, instance:lights.dev.BasicIT@2698dc7]" started-at="2020-01-14T15:46:25 ART" name="googleCheeseExample" finished-at="2020-01-14T15:46:30 ART" duration-ms="5056" status="PASS">
          <reporter-output>
          </reporter-output>
        </test-method> <!-- googleCheeseExample -->
        <test-method is-config="true" signature="clearCookies()[pri:0, instance:lights.dev.BasicIT@2698dc7]" started-at="2020-01-14T15:46:30 ART" name="clearCookies" finished-at="2020-01-14T15:46:30 ART" duration-ms="4" status="PASS">
          <reporter-output>
          </reporter-output>
        </test-method> <!-- clearCookies -->
        <test-method signature="googleMilkExample()[pri:0, instance:lights.dev.BasicIT@2698dc7]" started-at="2020-01-14T15:46:30 ART" name="googleMilkExample" finished-at="2020-01-14T15:46:31 ART" duration-ms="666" status="PASS">
          <reporter-output>
          </reporter-output>
        </test-method> <!-- googleMilkExample -->
        <test-method is-config="true" signature="clearCookies()[pri:0, instance:lights.dev.BasicIT@2698dc7]" started-at="2020-01-14T15:46:31 ART" name="clearCookies" finished-at="2020-01-14T15:46:31 ART" duration-ms="4" status="PASS">
          <reporter-output>
          </reporter-output>
        </test-method> <!-- clearCookies -->
        <test-method is-config="true" signature="closeDriverObjects()[pri:0, instance:lights.dev.BasicIT@2698dc7]" started-at="2020-01-14T15:46:31 ART" name="closeDriverObjects" finished-at="2020-01-14T15:46:31 ART" duration-ms="640" status="PASS">
          <reporter-output>
          </reporter-output>
        </test-method> <!-- closeDriverObjects -->
      </class> <!-- lights.dev.BasicIT -->
    </test> <!-- Surefire test -->
  </suite> <!-- Surefire suite -->
</testng-results>
